TN:test
SF:/Users/mammiemi/Desktop/C2_s21_stringplus-0/src/check_s21_string.check
FN:5,memmove_1_fn
FNDA:1,memmove_1_fn
FN:14,memmove_2_fn
FNDA:1,memmove_2_fn
FN:20,memmove_3_fn
FNDA:1,memmove_3_fn
FN:26,memmove_4_fn
FNDA:1,memmove_4_fn
FN:31,strncpy_5_fn
FNDA:1,strncpy_5_fn
FN:37,strncmp_5_fn
FNDA:1,strncmp_5_fn
FN:43,memset_1_fn
FNDA:1,memset_1_fn
FN:49,memset_2_fn
FNDA:1,memset_2_fn
FN:55,memset_3_fn
FNDA:1,memset_3_fn
FN:61,memset_4_fn
FNDA:1,memset_4_fn
FN:67,strncat_1_fn
FNDA:1,strncat_1_fn
FN:73,strncat_2_fn
FNDA:1,strncat_2_fn
FN:79,strncat_3_fn
FNDA:1,strncat_3_fn
FN:85,strncat_4_fn
FNDA:1,strncat_4_fn
FN:91,strcmp_1_fn
FNDA:1,strcmp_1_fn
FN:96,strcmp_2_fn
FNDA:1,strcmp_2_fn
FN:101,strcmp_3_fn
FNDA:1,strcmp_3_fn
FN:106,strcmp_4_fn
FNDA:1,strcmp_4_fn
FN:111,strcpy_1_fn
FNDA:1,strcpy_1_fn
FN:116,strcpy_2_fn
FNDA:1,strcpy_2_fn
FN:121,strcpy_3_fn
FNDA:1,strcpy_3_fn
FN:126,strcpy_4_fn
FNDA:1,strcpy_4_fn
FN:131,strncpy_1_fn
FNDA:1,strncpy_1_fn
FN:137,strncpy_2_fn
FNDA:1,strncpy_2_fn
FN:143,strncpy_3_fn
FNDA:1,strncpy_3_fn
FN:149,strncpy_4_fn
FNDA:1,strncpy_4_fn
FN:155,strncmp_1_fn
FNDA:1,strncmp_1_fn
FN:161,strncmp_2_fn
FNDA:1,strncmp_2_fn
FN:167,strncmp_3_fn
FNDA:1,strncmp_3_fn
FN:173,strncmp_4_fn
FNDA:1,strncmp_4_fn
FN:180,strcspn_1_fn
FNDA:1,strcspn_1_fn
FN:185,strcspn_2_fn
FNDA:1,strcspn_2_fn
FN:190,strcspn_3_fn
FNDA:1,strcspn_3_fn
FN:195,strcspn_4_fn
FNDA:1,strcspn_4_fn
FN:200,strpbrk_1_fn
FNDA:1,strpbrk_1_fn
FN:205,strpbrk_2_fn
FNDA:1,strpbrk_2_fn
FN:210,strpbrk_3_fn
FNDA:1,strpbrk_3_fn
FN:215,strpbrk_4_fn
FNDA:1,strpbrk_4_fn
FN:220,strtok_1_fn
FNDA:1,strtok_1_fn
FN:225,strtok_2_fn
FNDA:1,strtok_2_fn
FN:230,strtok_3_fn
FNDA:1,strtok_3_fn
FN:235,strtok_4_fn
FNDA:1,strtok_4_fn
FN:240,strrchr_1_fn
FNDA:1,strrchr_1_fn
FN:245,strrchr_2_fn
FNDA:1,strrchr_2_fn
FN:250,strrchr_3_fn
FNDA:1,strrchr_3_fn
FN:255,strrchr_4_fn
FNDA:1,strrchr_4_fn
FN:260,strstr_1_fn
FNDA:1,strstr_1_fn
FN:265,strstr_2_fn
FNDA:1,strstr_2_fn
FN:270,strstr_3_fn
FNDA:1,strstr_3_fn
FN:275,strstr_4_fn
FNDA:1,strstr_4_fn
FN:280,strcat_1_fn
FNDA:1,strcat_1_fn
FN:285,strcat_2_fn
FNDA:1,strcat_2_fn
FN:290,strcat_3_fn
FNDA:1,strcat_3_fn
FN:295,strcat_4_fn
FNDA:1,strcat_4_fn
FN:300,strspn_1_fn
FNDA:1,strspn_1_fn
FN:305,strspn_2_fn
FNDA:1,strspn_2_fn
FN:310,strspn_3_fn
FNDA:1,strspn_3_fn
FN:315,strspn_4_fn
FNDA:1,strspn_4_fn
FN:320,strerror_1_fn
FNDA:1,strerror_1_fn
FN:324,strerror_2_fn
FNDA:1,strerror_2_fn
FN:328,strerror_3_fn
FNDA:1,strerror_3_fn
FN:332,strerror_4_fn
FNDA:1,strerror_4_fn
FN:335,main
FNDA:63,main
FNF:63
FNH:63
DA:5,1
DA:6,1
DA:7,1
DA:8,1
DA:9,1
BRDA:9,0,0,1
BRDA:9,0,1,0
DA:11,1
DA:12,1
DA:13,1
DA:14,1
DA:15,1
BRDA:15,0,0,1
BRDA:15,0,1,0
DA:17,1
DA:18,1
DA:19,1
DA:20,1
DA:21,1
BRDA:21,0,0,1
BRDA:21,0,1,0
DA:23,1
DA:24,1
DA:25,1
DA:26,1
BRDA:26,0,0,1
BRDA:26,0,1,0
DA:28,1
DA:29,1
DA:30,1
DA:31,1
DA:32,1
BRDA:32,0,0,1
BRDA:32,0,1,0
DA:34,1
DA:35,1
DA:36,1
DA:37,1
DA:38,1
BRDA:38,0,0,1
BRDA:38,0,1,0
DA:40,1
DA:41,1
DA:42,1
DA:43,1
DA:44,1
BRDA:44,0,0,1
BRDA:44,0,1,0
DA:46,1
DA:47,1
DA:48,1
DA:49,1
DA:50,1
BRDA:50,0,0,1
BRDA:50,0,1,0
DA:52,1
DA:53,1
DA:54,1
DA:55,1
DA:56,1
BRDA:56,0,0,1
BRDA:56,0,1,0
DA:58,1
DA:59,1
DA:60,1
DA:61,1
DA:62,1
BRDA:62,0,0,1
BRDA:62,0,1,0
DA:64,1
DA:65,1
DA:66,1
DA:67,1
DA:68,1
BRDA:68,0,0,1
BRDA:68,0,1,0
DA:70,1
DA:71,1
DA:72,1
DA:73,1
DA:74,1
BRDA:74,0,0,1
BRDA:74,0,1,0
DA:76,1
DA:77,1
DA:78,1
DA:79,1
DA:80,1
BRDA:80,0,0,1
BRDA:80,0,1,0
DA:82,1
DA:83,1
DA:84,1
DA:85,1
DA:86,1
BRDA:86,0,0,1
BRDA:86,0,1,0
DA:88,1
DA:89,1
DA:90,1
DA:91,1
BRDA:91,0,0,1
BRDA:91,0,1,0
DA:93,1
DA:94,1
DA:95,1
DA:96,1
BRDA:96,0,0,1
BRDA:96,0,1,0
DA:98,1
DA:99,1
DA:100,1
DA:101,1
BRDA:101,0,0,1
BRDA:101,0,1,0
DA:103,1
DA:104,1
DA:105,1
DA:106,1
BRDA:106,0,0,1
BRDA:106,0,1,0
DA:108,1
DA:109,1
DA:110,1
DA:111,1
BRDA:111,0,0,1
BRDA:111,0,1,0
DA:113,1
DA:114,1
DA:115,1
DA:116,1
BRDA:116,0,0,1
BRDA:116,0,1,0
DA:118,1
DA:119,1
DA:120,1
DA:121,1
BRDA:121,0,0,1
BRDA:121,0,1,0
DA:123,1
DA:124,1
DA:125,1
DA:126,1
BRDA:126,0,0,1
BRDA:126,0,1,0
DA:128,1
DA:129,1
DA:130,1
DA:131,1
DA:132,1
BRDA:132,0,0,1
BRDA:132,0,1,0
DA:134,1
DA:135,1
DA:136,1
DA:137,1
DA:138,1
BRDA:138,0,0,1
BRDA:138,0,1,0
DA:140,1
DA:141,1
DA:142,1
DA:143,1
DA:144,1
BRDA:144,0,0,1
BRDA:144,0,1,0
DA:146,1
DA:147,1
DA:148,1
DA:149,1
DA:150,1
BRDA:150,0,0,1
BRDA:150,0,1,0
DA:152,1
DA:153,1
DA:154,1
DA:155,1
DA:156,1
BRDA:156,0,0,1
BRDA:156,0,1,0
DA:158,1
DA:159,1
DA:160,1
DA:161,1
DA:162,1
BRDA:162,0,0,1
BRDA:162,0,1,0
DA:164,1
DA:165,1
DA:166,1
DA:167,1
DA:168,1
BRDA:168,0,0,1
BRDA:168,0,1,0
DA:170,1
DA:171,1
DA:172,1
DA:173,1
DA:174,1
BRDA:174,0,0,1
BRDA:174,0,1,0
DA:177,1
DA:178,1
DA:179,1
DA:180,1
BRDA:180,0,0,1
BRDA:180,0,1,0
DA:182,1
DA:183,1
DA:184,1
DA:185,1
BRDA:185,0,0,1
BRDA:185,0,1,0
DA:187,1
DA:188,1
DA:189,1
DA:190,1
BRDA:190,0,0,1
BRDA:190,0,1,0
DA:192,1
DA:193,1
DA:194,1
DA:195,1
BRDA:195,0,0,1
BRDA:195,0,1,0
DA:197,1
DA:198,1
DA:199,1
DA:200,1
BRDA:200,0,0,1
BRDA:200,0,1,0
DA:202,1
DA:203,1
DA:204,1
DA:205,1
BRDA:205,0,0,1
BRDA:205,0,1,0
DA:207,1
DA:208,1
DA:209,1
DA:210,1
BRDA:210,0,0,1
BRDA:210,0,1,0
DA:212,1
DA:213,1
DA:214,1
DA:215,1
BRDA:215,0,0,1
BRDA:215,0,1,0
DA:217,1
DA:218,1
DA:219,1
DA:220,1
BRDA:220,0,0,1
BRDA:220,0,1,0
DA:222,1
DA:223,1
DA:224,1
DA:225,1
BRDA:225,0,0,1
BRDA:225,0,1,0
DA:227,1
DA:228,1
DA:229,1
DA:230,1
BRDA:230,0,0,1
BRDA:230,0,1,0
DA:232,1
DA:233,1
DA:234,1
DA:235,1
BRDA:235,0,0,1
BRDA:235,0,1,0
DA:237,1
DA:238,1
DA:239,1
DA:240,1
BRDA:240,0,0,1
BRDA:240,0,1,0
DA:242,1
DA:243,1
DA:244,1
DA:245,1
BRDA:245,0,0,1
BRDA:245,0,1,0
DA:247,1
DA:248,1
DA:249,1
DA:250,1
BRDA:250,0,0,1
BRDA:250,0,1,0
DA:252,1
DA:253,1
DA:254,1
DA:255,1
BRDA:255,0,0,1
BRDA:255,0,1,0
DA:257,1
DA:258,1
DA:259,1
DA:260,1
BRDA:260,0,0,1
BRDA:260,0,1,0
DA:262,1
DA:263,1
DA:264,1
DA:265,1
BRDA:265,0,0,1
BRDA:265,0,1,0
DA:267,1
DA:268,1
DA:269,1
DA:270,1
BRDA:270,0,0,1
BRDA:270,0,1,0
DA:272,1
DA:273,1
DA:274,1
DA:275,1
BRDA:275,0,0,1
BRDA:275,0,1,0
DA:277,1
DA:278,1
DA:279,1
DA:280,1
BRDA:280,0,0,1
BRDA:280,0,1,0
DA:282,1
DA:283,1
DA:284,1
DA:285,1
BRDA:285,0,0,1
BRDA:285,0,1,0
DA:287,1
DA:288,1
DA:289,1
DA:290,1
BRDA:290,0,0,1
BRDA:290,0,1,0
DA:292,1
DA:293,1
DA:294,1
DA:295,1
BRDA:295,0,0,1
BRDA:295,0,1,0
DA:297,1
DA:298,1
DA:299,1
DA:300,1
BRDA:300,0,0,1
BRDA:300,0,1,0
DA:302,1
DA:303,1
DA:304,1
DA:305,1
BRDA:305,0,0,1
BRDA:305,0,1,0
DA:307,1
DA:308,1
DA:309,1
DA:310,1
BRDA:310,0,0,1
BRDA:310,0,1,0
DA:312,1
DA:313,1
DA:314,1
DA:315,1
BRDA:315,0,0,1
BRDA:315,0,1,0
DA:317,1
DA:318,1
DA:319,1
BRDA:319,0,0,1
BRDA:319,0,1,0
BRDA:319,0,2,1
BRDA:319,0,3,0
BRDA:319,0,4,1
BRDA:319,0,5,0
BRDA:319,0,6,1
BRDA:319,0,7,0
BRDA:319,0,8,1
BRDA:319,0,9,0
DA:320,1
DA:321,1
DA:322,1
DA:323,1
BRDA:323,0,0,1
BRDA:323,0,1,0
BRDA:323,0,2,1
BRDA:323,0,3,0
BRDA:323,0,4,1
BRDA:323,0,5,0
BRDA:323,0,6,1
BRDA:323,0,7,0
BRDA:323,0,8,1
BRDA:323,0,9,0
DA:324,1
DA:325,1
DA:326,1
DA:327,1
BRDA:327,0,0,1
BRDA:327,0,1,0
BRDA:327,0,2,1
BRDA:327,0,3,0
BRDA:327,0,4,1
BRDA:327,0,5,0
BRDA:327,0,6,1
BRDA:327,0,7,0
BRDA:327,0,8,1
BRDA:327,0,9,0
DA:328,1
DA:329,1
DA:330,1
DA:331,1
BRDA:331,0,0,1
BRDA:331,0,1,0
BRDA:331,0,2,1
BRDA:331,0,3,0
BRDA:331,0,4,1
BRDA:331,0,5,0
BRDA:331,0,6,1
BRDA:331,0,7,0
BRDA:331,0,8,1
BRDA:331,0,9,0
DA:332,2
DA:335,63
DA:337,63
DA:338,63
DA:339,63
DA:342,63
DA:343,63
DA:344,63
DA:345,63
DA:346,63
DA:347,63
DA:348,63
DA:349,63
DA:350,63
DA:351,63
DA:352,63
DA:353,63
DA:354,63
DA:355,63
DA:356,63
DA:357,63
DA:358,63
DA:359,63
DA:360,63
DA:361,63
DA:362,63
DA:363,63
DA:364,63
DA:365,63
DA:366,63
DA:367,63
DA:368,63
DA:369,63
DA:370,63
DA:371,63
DA:372,63
DA:373,63
DA:374,63
DA:375,63
DA:376,63
DA:377,63
DA:378,63
DA:379,63
DA:380,63
DA:381,63
DA:382,63
DA:383,63
DA:384,63
DA:385,63
DA:386,63
DA:387,63
DA:388,63
DA:389,63
DA:390,63
DA:391,63
DA:392,63
DA:393,63
DA:394,63
DA:395,63
DA:396,63
DA:397,63
DA:398,63
DA:399,63
DA:400,63
DA:401,63
DA:402,63
DA:403,63
DA:404,63
DA:406,63
DA:407,1
DA:408,1
DA:410,1
BRF:156
BRH:78
LF:340
LH:340
end_of_record
TN:test
SF:/Users/mammiemi/Desktop/C2_s21_stringplus-0/src/s21_string.c
FN:6,s21_memchr
FNDA:76,s21_memchr
FN:18,s21_memcmp
FNDA:9,s21_memcmp
FN:35,s21_memcpy
FNDA:17,s21_memcpy
FN:45,s21_memmove
FNDA:4,s21_memmove
FN:62,s21_memset
FNDA:5,s21_memset
FN:72,s21_strcat
FNDA:4,s21_strcat
FN:80,s21_strncat
FNDA:4,s21_strncat
FN:88,s21_strchr
FNDA:5,s21_strchr
FN:94,s21_strcmp
FNDA:4,s21_strcmp
FN:109,s21_strncmp
FNDA:5,s21_strncmp
FN:124,s21_strcpy
FNDA:4,s21_strcpy
FN:130,s21_strncpy
FNDA:5,s21_strncpy
FN:142,s21_strcspn
FNDA:4,s21_strcspn
FN:157,s21_strerror
FNDA:4,s21_strerror
FN:170,s21_strlen
FNDA:68,s21_strlen
FN:177,s21_strpbrk
FNDA:4,s21_strpbrk
FN:199,s21_strrchr
FNDA:4,s21_strrchr
FN:211,s21_strspn
FNDA:4,s21_strspn
FN:226,s21_strstr
FNDA:4,s21_strstr
FN:244,s21_strtok
FNDA:4,s21_strtok
FNF:20
FNH:20
DA:6,76
DA:7,76
DA:9,243
BRDA:9,0,0,203
BRDA:9,0,1,40
DA:10,203
BRDA:10,0,0,36
BRDA:10,0,1,167
DA:11,36
DA:14,40
DA:18,9
DA:19,9
DA:20,9
DA:22,9
DA:23,54
BRDA:23,0,0,45
BRDA:23,0,1,9
DA:24,45
BRDA:24,0,0,26
BRDA:24,0,1,19
DA:25,26
DA:26,26
DA:28,19
DA:31,9
DA:35,17
DA:36,17
DA:37,17
DA:38,91
BRDA:38,0,0,74
BRDA:38,0,1,17
DA:39,74
DA:41,17
DA:45,4
DA:46,4
DA:47,4
BRDA:47,0,0,4
BRDA:47,0,1,0
BRDA:47,0,2,3
BRDA:47,0,3,1
DA:48,11
BRDA:48,0,0,8
BRDA:48,0,1,3
DA:49,8
DA:52,1
DA:53,1
DA:54,4
BRDA:54,0,0,3
BRDA:54,0,1,1
DA:55,3
DA:58,4
DA:62,5
DA:63,5
DA:64,5
DA:65,29
BRDA:65,0,0,24
BRDA:65,0,1,5
DA:66,24
DA:68,5
DA:72,4
DA:73,4
DA:74,4
DA:75,4
DA:76,4
DA:80,4
DA:81,4
DA:82,4
DA:83,4
DA:84,4
DA:88,5
DA:89,5
DA:90,5
DA:94,4
DA:95,4
DA:96,4
DA:97,4
DA:98,4
BRDA:98,0,0,2
BRDA:98,0,1,2
DA:99,2
DA:100,2
BRDA:100,0,0,1
BRDA:100,0,1,1
DA:101,1
DA:103,1
DA:105,4
DA:109,5
DA:110,5
DA:111,5
DA:112,5
DA:114,5
DA:115,5
BRDA:115,0,0,1
BRDA:115,0,1,4
DA:116,1
DA:118,4
DA:120,5
DA:124,4
DA:125,4
DA:126,4
DA:130,5
DA:131,5
DA:132,5
BRDA:132,0,0,4
BRDA:132,0,1,1
DA:133,4
DA:135,1
DA:136,1
DA:138,5
DA:142,4
DA:143,4
DA:144,4
DA:145,4
DA:146,20
BRDA:146,0,0,16
BRDA:146,0,1,4
DA:147,16
DA:148,16
BRDA:148,0,0,16
BRDA:148,0,1,0
DA:149,16
DA:150,16
DA:153,4
DA:157,4
DA:158,4
DA:159,4
BRDA:159,0,0,2
BRDA:159,0,1,2
BRDA:159,0,2,1
BRDA:159,0,3,1
DA:160,1
DA:163,3
DA:164,3
DA:166,4
DA:170,68
DA:172,584
BRDA:172,0,0,516
BRDA:172,0,1,68
DA:173,68
DA:177,4
DA:178,4
DA:179,4
DA:180,4
DA:181,15
BRDA:181,0,0,15
BRDA:181,0,1,0
DA:182,15
DA:183,126
BRDA:183,0,0,115
BRDA:183,0,1,11
DA:184,115
BRDA:184,0,0,4
BRDA:184,0,1,111
DA:185,4
DA:186,4
DA:188,111
DA:190,15
BRDA:190,0,0,4
BRDA:190,0,1,11
DA:191,4
DA:193,11
DA:195,4
DA:199,4
DA:200,4
DA:201,4
DA:202,73
BRDA:202,0,0,69
BRDA:202,0,1,4
DA:203,69
BRDA:203,0,0,7
BRDA:203,0,1,62
DA:204,7
DA:207,4
DA:211,4
DA:212,4
DA:213,4
DA:214,4
DA:215,7
BRDA:215,0,0,7
BRDA:215,0,1,0
DA:216,7
BRDA:216,0,0,3
BRDA:216,0,1,4
DA:217,3
DA:219,4
DA:222,4
DA:226,4
DA:227,4
BRDA:227,0,0,0
BRDA:227,0,1,4
DA:228,0
DA:230,5
BRDA:230,0,0,5
BRDA:230,0,1,0
DA:232,5
DA:233,9
BRDA:233,0,0,4
BRDA:233,0,1,5
DA:234,4
DA:235,5
BRDA:235,0,0,1
BRDA:235,0,1,4
DA:236,1
DA:240,0
DA:244,4
DA:246,4
DA:247,4
BRDA:247,0,0,4
BRDA:247,0,1,0
DA:248,4
DA:250,4
BRDA:250,0,0,4
BRDA:250,0,1,0
BRDA:250,0,2,4
BRDA:250,0,3,0
DA:251,4
DA:252,16
BRDA:252,0,0,15
BRDA:252,0,1,1
BRDA:252,0,2,12
BRDA:252,0,3,3
DA:253,12
DA:255,4
BRDA:255,0,0,3
BRDA:255,0,1,1
DA:256,3
DA:257,36
BRDA:257,0,0,33
BRDA:257,0,1,3
DA:258,33
BRDA:258,0,0,0
BRDA:258,0,1,33
DA:259,0
DA:261,33
DA:264,3
BRDA:264,0,0,0
BRDA:264,0,1,3
DA:265,0
DA:266,0
DA:270,4
BRF:80
BRH:69
LF:159
LH:154
end_of_record
